Copyright 1986-2018 Xilinx, Inc. All Rights Reserved.
-----------------------------------------------------------------------------------------------------------------------------------------------------------
| Tool Version : Vivado v.2018.3 (lin64) Build 2405991 Thu Dec  6 23:36:41 MST 2018
| Date         : Mon Mar 25 02:14:56 2019
| Host         : masterHAL running 64-bit Ubuntu 18.04.2 LTS
| Command      : report_methodology -file leon3mp_methodology_drc_routed.rpt -pb leon3mp_methodology_drc_routed.pb -rpx leon3mp_methodology_drc_routed.rpx
| Design       : leon3mp
| Device       : xc7z020clg484-1
| Speed File   : -1
| Design State : Fully Routed
-----------------------------------------------------------------------------------------------------------------------------------------------------------

Report Methodology

Table of Contents
-----------------
1. REPORT SUMMARY
2. REPORT DETAILS

1. REPORT SUMMARY
-----------------
            Netlist: netlist
          Floorplan: design_1
      Design limits: <entire design considered>
             Max violations: <unlimited>
             Violations found: 142
+-----------+----------+-------------------------------+------------+
| Rule      | Severity | Description                   | Violations |
+-----------+----------+-------------------------------+------------+
| LUTAR-1   | Warning  | LUT drives async reset alert  | 1          |
| SYNTH-10  | Warning  | Wide multiplier               | 4          |
| TIMING-17 | Warning  | Non-clocked sequential cell   | 117        |
| TIMING-18 | Warning  | Missing input or output delay | 20         |
+-----------+----------+-------------------------------+------------+

2. REPORT DETAILS
-----------------
LUTAR-1#1 Warning
LUT drives async reset alert  
LUT cell reset_pad/xcv.x0/syncrregs.r[htrans][1]_i_1, with 2 or more inputs, drives asynchronous preset/clear pin(s) ahbjtaggen0.ahbjtag0/newcom.jtagcom0/tnr1_reg[done_sync1]/CLR, ahbjtaggen0.ahbjtag0/newcom.jtagcom0/tnr1_reg[qual_rdata]/CLR, ahbjtaggen0.ahbjtag0/newcom.jtagcom0/tnr1_reg[run]/CLR, ahbjtaggen0.ahbjtag0/newcom.jtagcom0/tpr1_reg[datashft0]/CLR, ahbjtaggen0.ahbjtag0/newcom.jtagcom0/tpr1_reg[done_sync]/CLR, ahbjtaggen0.ahbjtag0/newcom.jtagcom0/tpr1_reg[inshift]/CLR, ahbjtaggen0.ahbjtag0/newcom.jtagcom0/tpr1_reg[prun]/CLR, ahbjtaggen0.ahbjtag0/newcom.jtagcom0/tpr1_reg[holdn]/PRE, gpio0.grgpio0/r_reg[dir][0]/CLR, gpio0.grgpio0/r_reg[dir][10]/CLR, gpio0.grgpio0/r_reg[dir][11]/CLR, gpio0.grgpio0/r_reg[dir][12]/CLR, gpio0.grgpio0/r_reg[dir][13]/CLR, gpio0.grgpio0/r_reg[dir][14]/CLR, gpio0.grgpio0/r_reg[dir][15]/CLR (the first 15 of 40 listed). The LUT may glitch and trigger an unexpected reset, even if it is a properly timed path.
Related violations: <none>

SYNTH-10#1 Warning
Wide multiplier  
Detected multiplier at leon3_0.cpu[0].u0/leon3x0/vhdl.p0/mgen.mul0/xm3232.m3232/pipe2.arch0.dwm/ of size 17x18, it is decomposed from a wide multipler into 4 DSP blocks.
Related violations: <none>

SYNTH-10#2 Warning
Wide multiplier  
Detected multiplier at leon3_0.cpu[0].u0/leon3x0/vhdl.p0/mgen.mul0/xm3232.m3232/pipe2.arch0.dwm/__0 of size 18x18, it is decomposed from a wide multipler into 4 DSP blocks.
Related violations: <none>

SYNTH-10#3 Warning
Wide multiplier  
Detected multiplier at leon3_0.cpu[0].u0/leon3x0/vhdl.p0/mgen.mul0/xm3232.m3232/pipe2.arch0.dwm/w2.p_i_reg[1]__0 of size 17x17, it is decomposed from a wide multipler into 4 DSP blocks.
Related violations: <none>

SYNTH-10#4 Warning
Wide multiplier  
Detected multiplier at leon3_0.cpu[0].u0/leon3x0/vhdl.p0/mgen.mul0/xm3232.m3232/pipe2.arch0.dwm/w2.p_i_reg[1]__2 of size 18x17, it is decomposed from a wide multipler into 4 DSP blocks.
Related violations: <none>

TIMING-17#1 Warning
Non-clocked sequential cell  
The clock pin ahbjtaggen0.ahbjtag0/gupdff.updff/y1.q_reg/C is not reached by a timing clock
Related violations: <none>

TIMING-17#2 Warning
Non-clocked sequential cell  
The clock pin ahbjtaggen0.ahbjtag0/newcom.jtagcom0/tnr1_reg[done_sync1]/C is not reached by a timing clock
Related violations: <none>

TIMING-17#3 Warning
Non-clocked sequential cell  
The clock pin ahbjtaggen0.ahbjtag0/newcom.jtagcom0/tnr1_reg[qual_rdata]/C is not reached by a timing clock
Related violations: <none>

TIMING-17#4 Warning
Non-clocked sequential cell  
The clock pin ahbjtaggen0.ahbjtag0/newcom.jtagcom0/tnr1_reg[run]/C is not reached by a timing clock
Related violations: <none>

TIMING-17#5 Warning
Non-clocked sequential cell  
The clock pin ahbjtaggen0.ahbjtag0/newcom.jtagcom0/tnr2_reg[addrlo][2]/C is not reached by a timing clock
Related violations: <none>

TIMING-17#6 Warning
Non-clocked sequential cell  
The clock pin ahbjtaggen0.ahbjtag0/newcom.jtagcom0/tnr2_reg[addrlo][3]/C is not reached by a timing clock
Related violations: <none>

TIMING-17#7 Warning
Non-clocked sequential cell  
The clock pin ahbjtaggen0.ahbjtag0/newcom.jtagcom0/tnr2_reg[addrlo][4]/C is not reached by a timing clock
Related violations: <none>

TIMING-17#8 Warning
Non-clocked sequential cell  
The clock pin ahbjtaggen0.ahbjtag0/newcom.jtagcom0/tnr2_reg[addrlo][5]/C is not reached by a timing clock
Related violations: <none>

TIMING-17#9 Warning
Non-clocked sequential cell  
The clock pin ahbjtaggen0.ahbjtag0/newcom.jtagcom0/tnr2_reg[addrlo][6]/C is not reached by a timing clock
Related violations: <none>

TIMING-17#10 Warning
Non-clocked sequential cell  
The clock pin ahbjtaggen0.ahbjtag0/newcom.jtagcom0/tnr2_reg[addrlo][7]/C is not reached by a timing clock
Related violations: <none>

TIMING-17#11 Warning
Non-clocked sequential cell  
The clock pin ahbjtaggen0.ahbjtag0/newcom.jtagcom0/tnr2_reg[addrlo][8]/C is not reached by a timing clock
Related violations: <none>

TIMING-17#12 Warning
Non-clocked sequential cell  
The clock pin ahbjtaggen0.ahbjtag0/newcom.jtagcom0/tnr2_reg[addrlo][9]/C is not reached by a timing clock
Related violations: <none>

TIMING-17#13 Warning
Non-clocked sequential cell  
The clock pin ahbjtaggen0.ahbjtag0/newcom.jtagcom0/tnr2_reg[data][0]/C is not reached by a timing clock
Related violations: <none>

TIMING-17#14 Warning
Non-clocked sequential cell  
The clock pin ahbjtaggen0.ahbjtag0/newcom.jtagcom0/tnr2_reg[data][10]/C is not reached by a timing clock
Related violations: <none>

TIMING-17#15 Warning
Non-clocked sequential cell  
The clock pin ahbjtaggen0.ahbjtag0/newcom.jtagcom0/tnr2_reg[data][11]/C is not reached by a timing clock
Related violations: <none>

TIMING-17#16 Warning
Non-clocked sequential cell  
The clock pin ahbjtaggen0.ahbjtag0/newcom.jtagcom0/tnr2_reg[data][12]/C is not reached by a timing clock
Related violations: <none>

TIMING-17#17 Warning
Non-clocked sequential cell  
The clock pin ahbjtaggen0.ahbjtag0/newcom.jtagcom0/tnr2_reg[data][13]/C is not reached by a timing clock
Related violations: <none>

TIMING-17#18 Warning
Non-clocked sequential cell  
The clock pin ahbjtaggen0.ahbjtag0/newcom.jtagcom0/tnr2_reg[data][14]/C is not reached by a timing clock
Related violations: <none>

TIMING-17#19 Warning
Non-clocked sequential cell  
The clock pin ahbjtaggen0.ahbjtag0/newcom.jtagcom0/tnr2_reg[data][15]/C is not reached by a timing clock
Related violations: <none>

TIMING-17#20 Warning
Non-clocked sequential cell  
The clock pin ahbjtaggen0.ahbjtag0/newcom.jtagcom0/tnr2_reg[data][16]/C is not reached by a timing clock
Related violations: <none>

TIMING-17#21 Warning
Non-clocked sequential cell  
The clock pin ahbjtaggen0.ahbjtag0/newcom.jtagcom0/tnr2_reg[data][17]/C is not reached by a timing clock
Related violations: <none>

TIMING-17#22 Warning
Non-clocked sequential cell  
The clock pin ahbjtaggen0.ahbjtag0/newcom.jtagcom0/tnr2_reg[data][18]/C is not reached by a timing clock
Related violations: <none>

TIMING-17#23 Warning
Non-clocked sequential cell  
The clock pin ahbjtaggen0.ahbjtag0/newcom.jtagcom0/tnr2_reg[data][19]/C is not reached by a timing clock
Related violations: <none>

TIMING-17#24 Warning
Non-clocked sequential cell  
The clock pin ahbjtaggen0.ahbjtag0/newcom.jtagcom0/tnr2_reg[data][1]/C is not reached by a timing clock
Related violations: <none>

TIMING-17#25 Warning
Non-clocked sequential cell  
The clock pin ahbjtaggen0.ahbjtag0/newcom.jtagcom0/tnr2_reg[data][20]/C is not reached by a timing clock
Related violations: <none>

TIMING-17#26 Warning
Non-clocked sequential cell  
The clock pin ahbjtaggen0.ahbjtag0/newcom.jtagcom0/tnr2_reg[data][21]/C is not reached by a timing clock
Related violations: <none>

TIMING-17#27 Warning
Non-clocked sequential cell  
The clock pin ahbjtaggen0.ahbjtag0/newcom.jtagcom0/tnr2_reg[data][22]/C is not reached by a timing clock
Related violations: <none>

TIMING-17#28 Warning
Non-clocked sequential cell  
The clock pin ahbjtaggen0.ahbjtag0/newcom.jtagcom0/tnr2_reg[data][23]/C is not reached by a timing clock
Related violations: <none>

TIMING-17#29 Warning
Non-clocked sequential cell  
The clock pin ahbjtaggen0.ahbjtag0/newcom.jtagcom0/tnr2_reg[data][24]/C is not reached by a timing clock
Related violations: <none>

TIMING-17#30 Warning
Non-clocked sequential cell  
The clock pin ahbjtaggen0.ahbjtag0/newcom.jtagcom0/tnr2_reg[data][25]/C is not reached by a timing clock
Related violations: <none>

TIMING-17#31 Warning
Non-clocked sequential cell  
The clock pin ahbjtaggen0.ahbjtag0/newcom.jtagcom0/tnr2_reg[data][26]/C is not reached by a timing clock
Related violations: <none>

TIMING-17#32 Warning
Non-clocked sequential cell  
The clock pin ahbjtaggen0.ahbjtag0/newcom.jtagcom0/tnr2_reg[data][27]/C is not reached by a timing clock
Related violations: <none>

TIMING-17#33 Warning
Non-clocked sequential cell  
The clock pin ahbjtaggen0.ahbjtag0/newcom.jtagcom0/tnr2_reg[data][28]/C is not reached by a timing clock
Related violations: <none>

TIMING-17#34 Warning
Non-clocked sequential cell  
The clock pin ahbjtaggen0.ahbjtag0/newcom.jtagcom0/tnr2_reg[data][29]/C is not reached by a timing clock
Related violations: <none>

TIMING-17#35 Warning
Non-clocked sequential cell  
The clock pin ahbjtaggen0.ahbjtag0/newcom.jtagcom0/tnr2_reg[data][2]/C is not reached by a timing clock
Related violations: <none>

TIMING-17#36 Warning
Non-clocked sequential cell  
The clock pin ahbjtaggen0.ahbjtag0/newcom.jtagcom0/tnr2_reg[data][30]/C is not reached by a timing clock
Related violations: <none>

TIMING-17#37 Warning
Non-clocked sequential cell  
The clock pin ahbjtaggen0.ahbjtag0/newcom.jtagcom0/tnr2_reg[data][31]/C is not reached by a timing clock
Related violations: <none>

TIMING-17#38 Warning
Non-clocked sequential cell  
The clock pin ahbjtaggen0.ahbjtag0/newcom.jtagcom0/tnr2_reg[data][32]/C is not reached by a timing clock
Related violations: <none>

TIMING-17#39 Warning
Non-clocked sequential cell  
The clock pin ahbjtaggen0.ahbjtag0/newcom.jtagcom0/tnr2_reg[data][3]/C is not reached by a timing clock
Related violations: <none>

TIMING-17#40 Warning
Non-clocked sequential cell  
The clock pin ahbjtaggen0.ahbjtag0/newcom.jtagcom0/tnr2_reg[data][4]/C is not reached by a timing clock
Related violations: <none>

TIMING-17#41 Warning
Non-clocked sequential cell  
The clock pin ahbjtaggen0.ahbjtag0/newcom.jtagcom0/tnr2_reg[data][5]/C is not reached by a timing clock
Related violations: <none>

TIMING-17#42 Warning
Non-clocked sequential cell  
The clock pin ahbjtaggen0.ahbjtag0/newcom.jtagcom0/tnr2_reg[data][6]/C is not reached by a timing clock
Related violations: <none>

TIMING-17#43 Warning
Non-clocked sequential cell  
The clock pin ahbjtaggen0.ahbjtag0/newcom.jtagcom0/tnr2_reg[data][7]/C is not reached by a timing clock
Related violations: <none>

TIMING-17#44 Warning
Non-clocked sequential cell  
The clock pin ahbjtaggen0.ahbjtag0/newcom.jtagcom0/tnr2_reg[data][8]/C is not reached by a timing clock
Related violations: <none>

TIMING-17#45 Warning
Non-clocked sequential cell  
The clock pin ahbjtaggen0.ahbjtag0/newcom.jtagcom0/tnr2_reg[data][9]/C is not reached by a timing clock
Related violations: <none>

TIMING-17#46 Warning
Non-clocked sequential cell  
The clock pin ahbjtaggen0.ahbjtag0/newcom.jtagcom0/tpr1_reg[datashft0]/C is not reached by a timing clock
Related violations: <none>

TIMING-17#47 Warning
Non-clocked sequential cell  
The clock pin ahbjtaggen0.ahbjtag0/newcom.jtagcom0/tpr1_reg[done_sync]/C is not reached by a timing clock
Related violations: <none>

TIMING-17#48 Warning
Non-clocked sequential cell  
The clock pin ahbjtaggen0.ahbjtag0/newcom.jtagcom0/tpr1_reg[holdn]/C is not reached by a timing clock
Related violations: <none>

TIMING-17#49 Warning
Non-clocked sequential cell  
The clock pin ahbjtaggen0.ahbjtag0/newcom.jtagcom0/tpr1_reg[inshift]/C is not reached by a timing clock
Related violations: <none>

TIMING-17#50 Warning
Non-clocked sequential cell  
The clock pin ahbjtaggen0.ahbjtag0/newcom.jtagcom0/tpr1_reg[prun]/C is not reached by a timing clock
Related violations: <none>

TIMING-17#51 Warning
Non-clocked sequential cell  
The clock pin ahbjtaggen0.ahbjtag0/newcom.jtagcom0/tpr2_reg[addr][0]/C is not reached by a timing clock
Related violations: <none>

TIMING-17#52 Warning
Non-clocked sequential cell  
The clock pin ahbjtaggen0.ahbjtag0/newcom.jtagcom0/tpr2_reg[addr][10]/C is not reached by a timing clock
Related violations: <none>

TIMING-17#53 Warning
Non-clocked sequential cell  
The clock pin ahbjtaggen0.ahbjtag0/newcom.jtagcom0/tpr2_reg[addr][11]/C is not reached by a timing clock
Related violations: <none>

TIMING-17#54 Warning
Non-clocked sequential cell  
The clock pin ahbjtaggen0.ahbjtag0/newcom.jtagcom0/tpr2_reg[addr][12]/C is not reached by a timing clock
Related violations: <none>

TIMING-17#55 Warning
Non-clocked sequential cell  
The clock pin ahbjtaggen0.ahbjtag0/newcom.jtagcom0/tpr2_reg[addr][13]/C is not reached by a timing clock
Related violations: <none>

TIMING-17#56 Warning
Non-clocked sequential cell  
The clock pin ahbjtaggen0.ahbjtag0/newcom.jtagcom0/tpr2_reg[addr][14]/C is not reached by a timing clock
Related violations: <none>

TIMING-17#57 Warning
Non-clocked sequential cell  
The clock pin ahbjtaggen0.ahbjtag0/newcom.jtagcom0/tpr2_reg[addr][15]/C is not reached by a timing clock
Related violations: <none>

TIMING-17#58 Warning
Non-clocked sequential cell  
The clock pin ahbjtaggen0.ahbjtag0/newcom.jtagcom0/tpr2_reg[addr][16]/C is not reached by a timing clock
Related violations: <none>

TIMING-17#59 Warning
Non-clocked sequential cell  
The clock pin ahbjtaggen0.ahbjtag0/newcom.jtagcom0/tpr2_reg[addr][17]/C is not reached by a timing clock
Related violations: <none>

TIMING-17#60 Warning
Non-clocked sequential cell  
The clock pin ahbjtaggen0.ahbjtag0/newcom.jtagcom0/tpr2_reg[addr][18]/C is not reached by a timing clock
Related violations: <none>

TIMING-17#61 Warning
Non-clocked sequential cell  
The clock pin ahbjtaggen0.ahbjtag0/newcom.jtagcom0/tpr2_reg[addr][19]/C is not reached by a timing clock
Related violations: <none>

TIMING-17#62 Warning
Non-clocked sequential cell  
The clock pin ahbjtaggen0.ahbjtag0/newcom.jtagcom0/tpr2_reg[addr][1]/C is not reached by a timing clock
Related violations: <none>

TIMING-17#63 Warning
Non-clocked sequential cell  
The clock pin ahbjtaggen0.ahbjtag0/newcom.jtagcom0/tpr2_reg[addr][20]/C is not reached by a timing clock
Related violations: <none>

TIMING-17#64 Warning
Non-clocked sequential cell  
The clock pin ahbjtaggen0.ahbjtag0/newcom.jtagcom0/tpr2_reg[addr][21]/C is not reached by a timing clock
Related violations: <none>

TIMING-17#65 Warning
Non-clocked sequential cell  
The clock pin ahbjtaggen0.ahbjtag0/newcom.jtagcom0/tpr2_reg[addr][22]/C is not reached by a timing clock
Related violations: <none>

TIMING-17#66 Warning
Non-clocked sequential cell  
The clock pin ahbjtaggen0.ahbjtag0/newcom.jtagcom0/tpr2_reg[addr][23]/C is not reached by a timing clock
Related violations: <none>

TIMING-17#67 Warning
Non-clocked sequential cell  
The clock pin ahbjtaggen0.ahbjtag0/newcom.jtagcom0/tpr2_reg[addr][24]/C is not reached by a timing clock
Related violations: <none>

TIMING-17#68 Warning
Non-clocked sequential cell  
The clock pin ahbjtaggen0.ahbjtag0/newcom.jtagcom0/tpr2_reg[addr][25]/C is not reached by a timing clock
Related violations: <none>

TIMING-17#69 Warning
Non-clocked sequential cell  
The clock pin ahbjtaggen0.ahbjtag0/newcom.jtagcom0/tpr2_reg[addr][26]/C is not reached by a timing clock
Related violations: <none>

TIMING-17#70 Warning
Non-clocked sequential cell  
The clock pin ahbjtaggen0.ahbjtag0/newcom.jtagcom0/tpr2_reg[addr][27]/C is not reached by a timing clock
Related violations: <none>

TIMING-17#71 Warning
Non-clocked sequential cell  
The clock pin ahbjtaggen0.ahbjtag0/newcom.jtagcom0/tpr2_reg[addr][28]/C is not reached by a timing clock
Related violations: <none>

TIMING-17#72 Warning
Non-clocked sequential cell  
The clock pin ahbjtaggen0.ahbjtag0/newcom.jtagcom0/tpr2_reg[addr][29]/C is not reached by a timing clock
Related violations: <none>

TIMING-17#73 Warning
Non-clocked sequential cell  
The clock pin ahbjtaggen0.ahbjtag0/newcom.jtagcom0/tpr2_reg[addr][2]/C is not reached by a timing clock
Related violations: <none>

TIMING-17#74 Warning
Non-clocked sequential cell  
The clock pin ahbjtaggen0.ahbjtag0/newcom.jtagcom0/tpr2_reg[addr][30]/C is not reached by a timing clock
Related violations: <none>

TIMING-17#75 Warning
Non-clocked sequential cell  
The clock pin ahbjtaggen0.ahbjtag0/newcom.jtagcom0/tpr2_reg[addr][31]/C is not reached by a timing clock
Related violations: <none>

TIMING-17#76 Warning
Non-clocked sequential cell  
The clock pin ahbjtaggen0.ahbjtag0/newcom.jtagcom0/tpr2_reg[addr][32]/C is not reached by a timing clock
Related violations: <none>

TIMING-17#77 Warning
Non-clocked sequential cell  
The clock pin ahbjtaggen0.ahbjtag0/newcom.jtagcom0/tpr2_reg[addr][33]/C is not reached by a timing clock
Related violations: <none>

TIMING-17#78 Warning
Non-clocked sequential cell  
The clock pin ahbjtaggen0.ahbjtag0/newcom.jtagcom0/tpr2_reg[addr][34]/C is not reached by a timing clock
Related violations: <none>

TIMING-17#79 Warning
Non-clocked sequential cell  
The clock pin ahbjtaggen0.ahbjtag0/newcom.jtagcom0/tpr2_reg[addr][3]/C is not reached by a timing clock
Related violations: <none>

TIMING-17#80 Warning
Non-clocked sequential cell  
The clock pin ahbjtaggen0.ahbjtag0/newcom.jtagcom0/tpr2_reg[addr][4]/C is not reached by a timing clock
Related violations: <none>

TIMING-17#81 Warning
Non-clocked sequential cell  
The clock pin ahbjtaggen0.ahbjtag0/newcom.jtagcom0/tpr2_reg[addr][5]/C is not reached by a timing clock
Related violations: <none>

TIMING-17#82 Warning
Non-clocked sequential cell  
The clock pin ahbjtaggen0.ahbjtag0/newcom.jtagcom0/tpr2_reg[addr][6]/C is not reached by a timing clock
Related violations: <none>

TIMING-17#83 Warning
Non-clocked sequential cell  
The clock pin ahbjtaggen0.ahbjtag0/newcom.jtagcom0/tpr2_reg[addr][7]/C is not reached by a timing clock
Related violations: <none>

TIMING-17#84 Warning
Non-clocked sequential cell  
The clock pin ahbjtaggen0.ahbjtag0/newcom.jtagcom0/tpr2_reg[addr][8]/C is not reached by a timing clock
Related violations: <none>

TIMING-17#85 Warning
Non-clocked sequential cell  
The clock pin ahbjtaggen0.ahbjtag0/newcom.jtagcom0/tpr2_reg[addr][9]/C is not reached by a timing clock
Related violations: <none>

TIMING-17#86 Warning
Non-clocked sequential cell  
The clock pin ahbjtaggen0.ahbjtag0/newcom.jtagcom0/tpr2_reg[datashft][10]/C is not reached by a timing clock
Related violations: <none>

TIMING-17#87 Warning
Non-clocked sequential cell  
The clock pin ahbjtaggen0.ahbjtag0/newcom.jtagcom0/tpr2_reg[datashft][11]/C is not reached by a timing clock
Related violations: <none>

TIMING-17#88 Warning
Non-clocked sequential cell  
The clock pin ahbjtaggen0.ahbjtag0/newcom.jtagcom0/tpr2_reg[datashft][12]/C is not reached by a timing clock
Related violations: <none>

TIMING-17#89 Warning
Non-clocked sequential cell  
The clock pin ahbjtaggen0.ahbjtag0/newcom.jtagcom0/tpr2_reg[datashft][13]/C is not reached by a timing clock
Related violations: <none>

TIMING-17#90 Warning
Non-clocked sequential cell  
The clock pin ahbjtaggen0.ahbjtag0/newcom.jtagcom0/tpr2_reg[datashft][14]/C is not reached by a timing clock
Related violations: <none>

TIMING-17#91 Warning
Non-clocked sequential cell  
The clock pin ahbjtaggen0.ahbjtag0/newcom.jtagcom0/tpr2_reg[datashft][15]/C is not reached by a timing clock
Related violations: <none>

TIMING-17#92 Warning
Non-clocked sequential cell  
The clock pin ahbjtaggen0.ahbjtag0/newcom.jtagcom0/tpr2_reg[datashft][16]/C is not reached by a timing clock
Related violations: <none>

TIMING-17#93 Warning
Non-clocked sequential cell  
The clock pin ahbjtaggen0.ahbjtag0/newcom.jtagcom0/tpr2_reg[datashft][17]/C is not reached by a timing clock
Related violations: <none>

TIMING-17#94 Warning
Non-clocked sequential cell  
The clock pin ahbjtaggen0.ahbjtag0/newcom.jtagcom0/tpr2_reg[datashft][18]/C is not reached by a timing clock
Related violations: <none>

TIMING-17#95 Warning
Non-clocked sequential cell  
The clock pin ahbjtaggen0.ahbjtag0/newcom.jtagcom0/tpr2_reg[datashft][19]/C is not reached by a timing clock
Related violations: <none>

TIMING-17#96 Warning
Non-clocked sequential cell  
The clock pin ahbjtaggen0.ahbjtag0/newcom.jtagcom0/tpr2_reg[datashft][1]/C is not reached by a timing clock
Related violations: <none>

TIMING-17#97 Warning
Non-clocked sequential cell  
The clock pin ahbjtaggen0.ahbjtag0/newcom.jtagcom0/tpr2_reg[datashft][20]/C is not reached by a timing clock
Related violations: <none>

TIMING-17#98 Warning
Non-clocked sequential cell  
The clock pin ahbjtaggen0.ahbjtag0/newcom.jtagcom0/tpr2_reg[datashft][21]/C is not reached by a timing clock
Related violations: <none>

TIMING-17#99 Warning
Non-clocked sequential cell  
The clock pin ahbjtaggen0.ahbjtag0/newcom.jtagcom0/tpr2_reg[datashft][22]/C is not reached by a timing clock
Related violations: <none>

TIMING-17#100 Warning
Non-clocked sequential cell  
The clock pin ahbjtaggen0.ahbjtag0/newcom.jtagcom0/tpr2_reg[datashft][23]/C is not reached by a timing clock
Related violations: <none>

TIMING-17#101 Warning
Non-clocked sequential cell  
The clock pin ahbjtaggen0.ahbjtag0/newcom.jtagcom0/tpr2_reg[datashft][24]/C is not reached by a timing clock
Related violations: <none>

TIMING-17#102 Warning
Non-clocked sequential cell  
The clock pin ahbjtaggen0.ahbjtag0/newcom.jtagcom0/tpr2_reg[datashft][25]/C is not reached by a timing clock
Related violations: <none>

TIMING-17#103 Warning
Non-clocked sequential cell  
The clock pin ahbjtaggen0.ahbjtag0/newcom.jtagcom0/tpr2_reg[datashft][26]/C is not reached by a timing clock
Related violations: <none>

TIMING-17#104 Warning
Non-clocked sequential cell  
The clock pin ahbjtaggen0.ahbjtag0/newcom.jtagcom0/tpr2_reg[datashft][27]/C is not reached by a timing clock
Related violations: <none>

TIMING-17#105 Warning
Non-clocked sequential cell  
The clock pin ahbjtaggen0.ahbjtag0/newcom.jtagcom0/tpr2_reg[datashft][28]/C is not reached by a timing clock
Related violations: <none>

TIMING-17#106 Warning
Non-clocked sequential cell  
The clock pin ahbjtaggen0.ahbjtag0/newcom.jtagcom0/tpr2_reg[datashft][29]/C is not reached by a timing clock
Related violations: <none>

TIMING-17#107 Warning
Non-clocked sequential cell  
The clock pin ahbjtaggen0.ahbjtag0/newcom.jtagcom0/tpr2_reg[datashft][2]/C is not reached by a timing clock
Related violations: <none>

TIMING-17#108 Warning
Non-clocked sequential cell  
The clock pin ahbjtaggen0.ahbjtag0/newcom.jtagcom0/tpr2_reg[datashft][30]/C is not reached by a timing clock
Related violations: <none>

TIMING-17#109 Warning
Non-clocked sequential cell  
The clock pin ahbjtaggen0.ahbjtag0/newcom.jtagcom0/tpr2_reg[datashft][31]/C is not reached by a timing clock
Related violations: <none>

TIMING-17#110 Warning
Non-clocked sequential cell  
The clock pin ahbjtaggen0.ahbjtag0/newcom.jtagcom0/tpr2_reg[datashft][32]/C is not reached by a timing clock
Related violations: <none>

TIMING-17#111 Warning
Non-clocked sequential cell  
The clock pin ahbjtaggen0.ahbjtag0/newcom.jtagcom0/tpr2_reg[datashft][3]/C is not reached by a timing clock
Related violations: <none>

TIMING-17#112 Warning
Non-clocked sequential cell  
The clock pin ahbjtaggen0.ahbjtag0/newcom.jtagcom0/tpr2_reg[datashft][4]/C is not reached by a timing clock
Related violations: <none>

TIMING-17#113 Warning
Non-clocked sequential cell  
The clock pin ahbjtaggen0.ahbjtag0/newcom.jtagcom0/tpr2_reg[datashft][5]/C is not reached by a timing clock
Related violations: <none>

TIMING-17#114 Warning
Non-clocked sequential cell  
The clock pin ahbjtaggen0.ahbjtag0/newcom.jtagcom0/tpr2_reg[datashft][6]/C is not reached by a timing clock
Related violations: <none>

TIMING-17#115 Warning
Non-clocked sequential cell  
The clock pin ahbjtaggen0.ahbjtag0/newcom.jtagcom0/tpr2_reg[datashft][7]/C is not reached by a timing clock
Related violations: <none>

TIMING-17#116 Warning
Non-clocked sequential cell  
The clock pin ahbjtaggen0.ahbjtag0/newcom.jtagcom0/tpr2_reg[datashft][8]/C is not reached by a timing clock
Related violations: <none>

TIMING-17#117 Warning
Non-clocked sequential cell  
The clock pin ahbjtaggen0.ahbjtag0/newcom.jtagcom0/tpr2_reg[datashft][9]/C is not reached by a timing clock
Related violations: <none>

TIMING-18#1 Warning
Missing input or output delay  
An input delay is missing on button[0] relative to clock(s) clk_fpga_0
Related violations: <none>

TIMING-18#2 Warning
Missing input or output delay  
An input delay is missing on button[1] relative to clock(s) clk_fpga_0
Related violations: <none>

TIMING-18#3 Warning
Missing input or output delay  
An input delay is missing on button[2] relative to clock(s) clk_fpga_0
Related violations: <none>

TIMING-18#4 Warning
Missing input or output delay  
An input delay is missing on button[3] relative to clock(s) clk_fpga_0
Related violations: <none>

TIMING-18#5 Warning
Missing input or output delay  
An input delay is missing on switch[0] relative to clock(s) clk_fpga_0
Related violations: <none>

TIMING-18#6 Warning
Missing input or output delay  
An input delay is missing on switch[1] relative to clock(s) clk_fpga_0
Related violations: <none>

TIMING-18#7 Warning
Missing input or output delay  
An input delay is missing on switch[2] relative to clock(s) clk_fpga_0
Related violations: <none>

TIMING-18#8 Warning
Missing input or output delay  
An input delay is missing on switch[3] relative to clock(s) clk_fpga_0
Related violations: <none>

TIMING-18#9 Warning
Missing input or output delay  
An input delay is missing on switch[4] relative to clock(s) clk_fpga_0
Related violations: <none>

TIMING-18#10 Warning
Missing input or output delay  
An input delay is missing on switch[5] relative to clock(s) clk_fpga_0
Related violations: <none>

TIMING-18#11 Warning
Missing input or output delay  
An input delay is missing on switch[6] relative to clock(s) clk_fpga_0
Related violations: <none>

TIMING-18#12 Warning
Missing input or output delay  
An input delay is missing on switch[7] relative to clock(s) clk_fpga_0
Related violations: <none>

TIMING-18#13 Warning
Missing input or output delay  
An output delay is missing on led[0] relative to clock(s) clk_fpga_0
Related violations: <none>

TIMING-18#14 Warning
Missing input or output delay  
An output delay is missing on led[1] relative to clock(s) clk_fpga_0
Related violations: <none>

TIMING-18#15 Warning
Missing input or output delay  
An output delay is missing on led[2] relative to clock(s) clk_fpga_0
Related violations: <none>

TIMING-18#16 Warning
Missing input or output delay  
An output delay is missing on led[3] relative to clock(s) clk_fpga_0
Related violations: <none>

TIMING-18#17 Warning
Missing input or output delay  
An output delay is missing on led[4] relative to clock(s) clk_fpga_0
Related violations: <none>

TIMING-18#18 Warning
Missing input or output delay  
An output delay is missing on led[5] relative to clock(s) clk_fpga_0
Related violations: <none>

TIMING-18#19 Warning
Missing input or output delay  
An output delay is missing on led[6] relative to clock(s) clk_fpga_0
Related violations: <none>

TIMING-18#20 Warning
Missing input or output delay  
An output delay is missing on led[7] relative to clock(s) clk_fpga_0
Related violations: <none>


